<?xml version="1.0" encoding="UTF-8"?>
<robot generator="Robot 5.0 (Python 3.10.4 on win32)" generated="20220727 13:22:39.442" rpa="false" schemaversion="3">
<suite id="s1" name="TC 1" source="C:\Users\user\PycharmProjects\MI_Automation\TestCase\TC_1.robot">
<test id="s1-t1" name="Open the MI website" line="6">
<kw name="Open The Browser and Url" library="instruction">
<kw name="Open Browser" library="SeleniumLibrary">
<arg>${URL}</arg>
<arg>${Browser}</arg>
<doc>Opens a new browser instance to the optional ``url``.</doc>
<msg timestamp="20220727 13:22:40.117" level="INFO">Opening browser 'chrome' to base url 'https://www.mi.com/in/'.</msg>
<status status="PASS" starttime="20220727 13:22:40.116" endtime="20220727 13:22:48.020"/>
</kw>
<kw name="Maximize Browser Window" library="SeleniumLibrary">
<doc>Maximizes current browser window.</doc>
<status status="PASS" starttime="20220727 13:22:48.021" endtime="20220727 13:22:48.238"/>
</kw>
<status status="PASS" starttime="20220727 13:22:40.115" endtime="20220727 13:22:48.239"/>
</kw>
<status status="PASS" starttime="20220727 13:22:40.112" endtime="20220727 13:22:48.240"/>
</test>
<test id="s1-t2" name="Log-in to the MI website" line="8">
<kw name="Sigin to the website" library="instruction">
<kw name="Click Link" library="SeleniumLibrary">
<arg>${Sigin}</arg>
<doc>Clicks a link identified by ``locator``.</doc>
<msg timestamp="20220727 13:22:48.250" level="INFO">Clicking link 'xpath://*[@id="J_signEntries"]/ul/li[1]/a'.</msg>
<status status="PASS" starttime="20220727 13:22:48.246" endtime="20220727 13:22:48.481"/>
</kw>
<kw name="Sleep" library="BuiltIn">
<arg>3s</arg>
<doc>Pauses the test executed for the given time.</doc>
<msg timestamp="20220727 13:22:51.490" level="INFO">Slept 3 seconds</msg>
<status status="PASS" starttime="20220727 13:22:48.481" endtime="20220727 13:22:51.490"/>
</kw>
<kw name="Input Text" library="SeleniumLibrary">
<arg>${Username}</arg>
<arg>Saksham10429@gmail.com</arg>
<doc>Types the given ``text`` into the text field identified by ``locator``.</doc>
<msg timestamp="20220727 13:22:51.491" level="INFO">Typing text 'Saksham10429@gmail.com' into text field 'xpath://input[@type='text']'.</msg>
<status status="PASS" starttime="20220727 13:22:51.491" endtime="20220727 13:22:53.326"/>
</kw>
<kw name="Input Text" library="SeleniumLibrary">
<arg>${Password}</arg>
<arg>Abcd@123</arg>
<doc>Types the given ``text`` into the text field identified by ``locator``.</doc>
<msg timestamp="20220727 13:22:53.327" level="INFO">Typing text 'Abcd@123' into text field 'xpath://input[@type='password']'.</msg>
<status status="PASS" starttime="20220727 13:22:53.326" endtime="20220727 13:22:54.227"/>
</kw>
<kw name="Click Element" library="SeleniumLibrary">
<arg>${ClicktoLogin}</arg>
<doc>Click the element identified by ``locator``.</doc>
<msg timestamp="20220727 13:22:54.228" level="INFO">Clicking element 'xpath://button[@type='submit']'.</msg>
<status status="PASS" starttime="20220727 13:22:54.227" endtime="20220727 13:22:54.454"/>
</kw>
<kw name="Sleep" library="BuiltIn">
<arg>3s</arg>
<doc>Pauses the test executed for the given time.</doc>
<msg timestamp="20220727 13:22:57.459" level="INFO">Slept 3 seconds</msg>
<status status="PASS" starttime="20220727 13:22:54.454" endtime="20220727 13:22:57.459"/>
</kw>
<status status="PASS" starttime="20220727 13:22:48.245" endtime="20220727 13:22:57.460"/>
</kw>
<status status="PASS" starttime="20220727 13:22:48.243" endtime="20220727 13:22:57.461"/>
</test>
<test id="s1-t3" name="Search the product from search bar" line="10">
<kw name="Search For Product" library="instruction">
<kw name="Input Text" library="SeleniumLibrary">
<arg>${Searchproduct}</arg>
<arg>Phone</arg>
<doc>Types the given ``text`` into the text field identified by ``locator``.</doc>
<msg timestamp="20220727 13:22:57.466" level="INFO">Typing text 'Phone' into text field 'xpath://*[@id='J_searchTxt']'.</msg>
<status status="PASS" starttime="20220727 13:22:57.465" endtime="20220727 13:22:57.608"/>
</kw>
<kw name="Click Element" library="SeleniumLibrary">
<arg>${ClickToSearch}</arg>
<doc>Click the element identified by ``locator``.</doc>
<msg timestamp="20220727 13:22:57.609" level="INFO">Clicking element 'xpath://*[@class=' iconfont-search-24']'.</msg>
<status status="PASS" starttime="20220727 13:22:57.608" endtime="20220727 13:23:00.073"/>
</kw>
<status status="PASS" starttime="20220727 13:22:57.465" endtime="20220727 13:23:00.073"/>
</kw>
<status status="PASS" starttime="20220727 13:22:57.463" endtime="20220727 13:23:00.075"/>
</test>
<test id="s1-t4" name="Add the product to the cart" line="12">
<kw name="Add Product to cart" library="instruction">
<kw name="Scroll Element Into View" library="SeleniumLibrary">
<arg>${Product}</arg>
<doc>Scrolls the element identified by ``locator`` into view.</doc>
<status status="PASS" starttime="20220727 13:23:00.080" endtime="20220727 13:23:00.439"/>
</kw>
<kw name="Sleep" library="BuiltIn">
<arg>3s</arg>
<doc>Pauses the test executed for the given time.</doc>
<msg timestamp="20220727 13:23:03.449" level="INFO">Slept 3 seconds</msg>
<status status="PASS" starttime="20220727 13:23:00.439" endtime="20220727 13:23:03.449"/>
</kw>
<kw name="Click Element" library="SeleniumLibrary">
<arg>${Product}</arg>
<doc>Click the element identified by ``locator``.</doc>
<msg timestamp="20220727 13:23:03.450" level="INFO">Clicking element 'xpath://a[normalize-space()='Xiaomi 11T Pro 5G Meteorite Black 8GB+128GB']'.</msg>
<status status="PASS" starttime="20220727 13:23:03.450" endtime="20220727 13:23:03.567"/>
</kw>
<kw name="Sleep" library="BuiltIn">
<arg>3s</arg>
<doc>Pauses the test executed for the given time.</doc>
<msg timestamp="20220727 13:23:06.577" level="INFO">Slept 3 seconds</msg>
<status status="PASS" starttime="20220727 13:23:03.567" endtime="20220727 13:23:06.577"/>
</kw>
<kw name="Click Element" library="SeleniumLibrary">
<arg>${Buy}</arg>
<doc>Click the element identified by ``locator``.</doc>
<msg timestamp="20220727 13:23:06.578" level="INFO">Clicking element 'xpath://*[@id='nav-buy_now']'.</msg>
<status status="PASS" starttime="20220727 13:23:06.577" endtime="20220727 13:23:12.111"/>
</kw>
<kw name="Sleep" library="BuiltIn">
<arg>3s</arg>
<doc>Pauses the test executed for the given time.</doc>
<msg timestamp="20220727 13:23:15.112" level="INFO">Slept 3 seconds</msg>
<status status="PASS" starttime="20220727 13:23:12.111" endtime="20220727 13:23:15.112"/>
</kw>
<kw name="Input Text" library="SeleniumLibrary">
<arg>${PinCode}</arg>
<arg>440008</arg>
<doc>Types the given ``text`` into the text field identified by ``locator``.</doc>
<msg timestamp="20220727 13:23:15.113" level="INFO">Typing text '440008' into text field 'xpath://*[@id='pinCodeCheckInput']'.</msg>
<status status="PASS" starttime="20220727 13:23:15.112" endtime="20220727 13:23:15.313"/>
</kw>
<kw name="Click Button" library="SeleniumLibrary">
<arg>${VerifyPinCode}</arg>
<doc>Clicks the button identified by ``locator``.</doc>
<msg timestamp="20220727 13:23:15.315" level="INFO">Clicking button 'xpath://button[normalize-space()='Check']'.</msg>
<status status="PASS" starttime="20220727 13:23:15.314" endtime="20220727 13:23:15.519"/>
</kw>
<kw name="Click Button" library="SeleniumLibrary">
<arg>${SelectModel}</arg>
<doc>Clicks the button identified by ``locator``.</doc>
<msg timestamp="20220727 13:23:15.520" level="INFO">Clicking button 'xpath://button[@aria-label='8GB+256GB']'.</msg>
<status status="PASS" starttime="20220727 13:23:15.519" endtime="20220727 13:23:15.941"/>
</kw>
<kw name="Click Button" library="SeleniumLibrary">
<arg>${SelectColour}</arg>
<doc>Clicks the button identified by ``locator``.</doc>
<msg timestamp="20220727 13:23:15.942" level="INFO">Clicking button 'xpath://*[@aria-label='Meteorite Black']'.</msg>
<status status="PASS" starttime="20220727 13:23:15.941" endtime="20220727 13:23:16.271"/>
</kw>
<kw name="Click Button" library="SeleniumLibrary">
<arg>${BUYNOw2}</arg>
<doc>Clicks the button identified by ``locator``.</doc>
<msg timestamp="20220727 13:23:16.272" level="INFO">Clicking button 'xpath://*[@class='add-cart-section__btn add-cart-section__submit add-cart-section__submit--main']'.</msg>
<status status="PASS" starttime="20220727 13:23:16.271" endtime="20220727 13:23:16.576"/>
</kw>
<kw name="Sleep" library="BuiltIn">
<arg>3s</arg>
<doc>Pauses the test executed for the given time.</doc>
<msg timestamp="20220727 13:23:19.581" level="INFO">Slept 3 seconds</msg>
<status status="PASS" starttime="20220727 13:23:16.576" endtime="20220727 13:23:19.581"/>
</kw>
<kw name="Click Element" library="SeleniumLibrary">
<arg>${AnotherProduct}</arg>
<doc>Click the element identified by ``locator``.</doc>
<msg timestamp="20220727 13:23:19.582" level="INFO">Clicking element 'xpath://li[@title='Mi Smart Band 5']//a[@class='btn btn-buy btn-orange btn-small J_addAcc'][normalize-space()='Add to Cart']'.</msg>
<status status="PASS" starttime="20220727 13:23:19.581" endtime="20220727 13:23:19.759"/>
</kw>
<kw name="Click Element" library="SeleniumLibrary">
<arg>${Nextbutton}</arg>
<doc>Click the element identified by ``locator``.</doc>
<msg timestamp="20220727 13:23:19.759" level="INFO">Clicking element 'xpath://a[normalize-space()='Next']'.</msg>
<status status="PASS" starttime="20220727 13:23:19.759" endtime="20220727 13:23:19.976"/>
</kw>
<kw name="Sleep" library="BuiltIn">
<arg>3s</arg>
<doc>Pauses the test executed for the given time.</doc>
<msg timestamp="20220727 13:23:22.979" level="INFO">Slept 3 seconds</msg>
<status status="PASS" starttime="20220727 13:23:19.977" endtime="20220727 13:23:22.979"/>
</kw>
<status status="PASS" starttime="20220727 13:23:00.079" endtime="20220727 13:23:22.979"/>
</kw>
<status status="PASS" starttime="20220727 13:23:00.078" endtime="20220727 13:23:22.980"/>
</test>
<test id="s1-t5" name="Delete the product from cart" line="14">
<kw name="Delete the Product from cart" library="instruction">
<kw name="Click Button" library="SeleniumLibrary">
<arg>${Delete}</arg>
<doc>Clicks the button identified by ``locator``.</doc>
<msg timestamp="20220727 13:23:22.986" level="INFO">Clicking button 'xpath://*[@class='cart__footer-delete']'.</msg>
<status status="PASS" starttime="20220727 13:23:22.985" endtime="20220727 13:23:23.129"/>
</kw>
<kw name="Sleep" library="BuiltIn">
<arg>3s</arg>
<doc>Pauses the test executed for the given time.</doc>
<msg timestamp="20220727 13:23:26.137" level="INFO">Slept 3 seconds</msg>
<status status="PASS" starttime="20220727 13:23:23.129" endtime="20220727 13:23:26.137"/>
</kw>
<kw name="Click Element" library="SeleniumLibrary">
<arg>${ConfirmDelete}</arg>
<doc>Click the element identified by ``locator``.</doc>
<msg timestamp="20220727 13:23:26.138" level="INFO">Clicking element 'xpath://div[@class='mi-modal__button mi-modal__button--confirm']'.</msg>
<status status="PASS" starttime="20220727 13:23:26.137" endtime="20220727 13:23:26.328"/>
</kw>
<status status="PASS" starttime="20220727 13:23:22.984" endtime="20220727 13:23:26.329"/>
</kw>
<status status="PASS" starttime="20220727 13:23:22.983" endtime="20220727 13:23:26.330"/>
</test>
<status status="PASS" starttime="20220727 13:22:39.447" endtime="20220727 13:23:26.332"/>
</suite>
<statistics>
<total>
<stat pass="5" fail="0" skip="0">All Tests</stat>
</total>
<tag>
</tag>
<suite>
<stat pass="5" fail="0" skip="0" id="s1" name="TC 1">TC 1</stat>
</suite>
</statistics>
<errors>
</errors>
</robot>
